c:\users\sweat\source\repos\playground\build\vc141.pdb
c:\users\sweat\source\repos\playground\build\swing.obj
c:\users\sweat\source\repos\playground\build\shape.obj
c:\users\sweat\source\repos\playground\build\shader.obj
c:\users\sweat\source\repos\playground\build\seesaw.obj
c:\users\sweat\source\repos\playground\build\scene.obj
c:\users\sweat\source\repos\playground\build\roundabout.obj
c:\users\sweat\source\repos\playground\build\path.obj
c:\users\sweat\source\repos\playground\build\model.obj
c:\users\sweat\source\repos\playground\build\mesh.obj
c:\users\sweat\source\repos\playground\build\main.obj
c:\users\sweat\source\repos\playground\build\bench.obj
c:\users\sweat\source\repos\playground\build\glad.obj
c:\users\sweat\source\repos\playground\build\playground.exe
c:\users\sweat\source\repos\playground\build\playground.pdb
c:\users\sweat\source\repos\playground\build\playground.ipdb
c:\users\sweat\source\repos\playground\build\playground.iobj
d:\backup\sweat\source\repos\playground\build\bench.obj
d:\backup\sweat\source\repos\playground\build\glad.obj
d:\backup\sweat\source\repos\playground\build\main.obj
d:\backup\sweat\source\repos\playground\build\mesh.obj
d:\backup\sweat\source\repos\playground\build\model.obj
d:\backup\sweat\source\repos\playground\build\path.obj
d:\backup\sweat\source\repos\playground\build\roundabout.obj
d:\backup\sweat\source\repos\playground\build\scene.obj
d:\backup\sweat\source\repos\playground\build\seesaw.obj
d:\backup\sweat\source\repos\playground\build\shader.obj
d:\backup\sweat\source\repos\playground\build\shape.obj
d:\backup\sweat\source\repos\playground\build\swing.obj
d:\backup\sweat\source\repos\playground\build\playground.ipdb
d:\backup\sweat\source\repos\playground\build\playground.iobj
d:\backup\sweat\source\repos\playground\build\playground.pdb
d:\backup\sweat\source\repos\playground\build\vc141.pdb
d:\backup\sweat\source\repos\playground\build\playground.exe
d:\backup\sweat\source\repos\playground\build\playground.tlog\cl.command.1.tlog
d:\backup\sweat\source\repos\playground\build\playground.tlog\cl.read.1.tlog
d:\backup\sweat\source\repos\playground\build\playground.tlog\cl.write.1.tlog
d:\backup\sweat\source\repos\playground\build\playground.tlog\link.command.1.tlog
d:\backup\sweat\source\repos\playground\build\playground.tlog\link.read.1.tlog
d:\backup\sweat\source\repos\playground\build\playground.tlog\link.write.1.tlog
d:\backup\sweat\source\repos\playground\build\playground.tlog\playground.write.1u.tlog
